<?xml version="1.0" encoding="UTF-8"?>
<!-- Generated by org.testng.reporters.JUnitReportReporter -->
<testsuite hostname="shajahanspc" failures="0" tests="1" name="com.qa.NavaigateToWebpage.WebpageNavigation" time="5.488" errors="0" timestamp="2023-12-23T23:25:16 EET" skipped="0">
  <testcase classname="com.qa.NavaigateToWebpage.WebpageNavigation" name="webpageNavigation" time="5.488"/>
</testsuite> <!-- com.qa.NavaigateToWebpage.WebpageNavigation -->
