<?xml version="1.0" encoding="UTF-8"?>
<!-- Generated by org.testng.reporters.JUnitReportReporter -->
<testsuite hostname="shajahanspc" failures="0" tests="1" name="com.qa.NavaigateToWebpage.TutorialsninjaLogin" time="6.191" errors="0" timestamp="2023-12-23T23:01:12 EET" skipped="0">
  <testcase classname="com.qa.NavaigateToWebpage.TutorialsninjaLogin" name="loginWithValidCredentials" time="6.191"/>
</testsuite> <!-- com.qa.NavaigateToWebpage.TutorialsninjaLogin -->
