<?xml version="1.0" encoding="UTF-8"?>
<!-- Generated by org.testng.reporters.JUnitReportReporter -->
<testsuite hostname="shajahanspc" failures="0" tests="1" name="com.qa.NavaigateToWebpage.LandingPage" time="4.439" errors="0" timestamp="2023-12-27T21:37:50 EET" skipped="0">
  <testcase classname="com.qa.NavaigateToWebpage.LandingPage" name="navigateToWebpage" time="4.439"/>
</testsuite> <!-- com.qa.NavaigateToWebpage.LandingPage -->
